<?xml version="1.0" encoding="UTF-8"?>
<!-- Generated by org.testng.reporters.JUnitXMLReporter -->
<testsuite ignored="2" hostname="DESKTOP-J47KP1R" failures="1" tests="6" name="Test" time="39.487" errors="0" timestamp="06 Nov 2024 14:18:36 GMT">
  <testcase classname="com.orangehrm.app.testCases.LoginTest" name="logintest" time="9.165">
    <failure type="junit.framework.ComparisonFailure" message="expected:&amp;lt;...125&amp;gt; but was:&amp;lt;...&amp;gt;">
      <![CDATA[junit.framework.ComparisonFailure: expected:<...125> but was:<...>
at junit.framework.Assert.assertEquals(Assert.java:81)
at junit.framework.Assert.assertEquals(Assert.java:87)
at com.orangehrm.app.testCases.LoginTest.logintest(LoginTest.java:40)
... Removed 25 stack frames]]>
    </failure>
  </testcase> <!-- logintest -->
  <testcase classname="com.orangehrm.app.testCases.LoginTest" name="validateDisplayofDefaultPage" time="10.277"/>
  <testcase classname="com.orangehrm.app.testCases.AddEmployee" name="validateAddEmployee" time="5.124"/>
  <testcase classname="com.orangehrm.app.testCases.AddEmployee" name="validateAddEmployee" time="4.791"/>
  <testcase classname="com.orangehrm.app.testCases.AddEmployee" name="validateAddEmployee" time="3.307"/>
  <testcase classname="com.orangehrm.app.testCases.AddEmployee" name="validateAddEmployee" time="3.301"/>
  <testcase classname="com.orangehrm.app.testCases.Baseclass" name="@AfterSuite tearDown" time="0.0">
    <ignored/>
  </testcase> <!-- @AfterSuite tearDown -->
  <testcase classname="com.orangehrm.app.testCases.Baseclass" name="@BeforeSuite setUp" time="0.0">
    <ignored/>
  </testcase> <!-- @BeforeSuite setUp -->
</testsuite> <!-- Test -->
