<?xml version="1.0" encoding="UTF-8"?>
<testng-results ignored="2" total="8" passed="5" failed="1" skipped="0">
  <reporter-output>
  </reporter-output>
  <suite started-at="2024-11-06T14:23:07Z" name="Suite" finished-at="2024-11-06T14:23:44Z" duration-ms="36982">
    <groups>
    </groups>
    <test started-at="2024-11-06T14:23:07Z" name="Test" finished-at="2024-11-06T14:23:44Z" duration-ms="36982">
      <class name="com.orangehrm.app.testCases.LoginTest">
        <test-method is-config="true" signature="setUp(java.lang.String)[pri:0, instance:com.orangehrm.app.testCases.LoginTest@1869fbd2]" started-at="2024-11-06T14:22:57Z" name="setUp" finished-at="2024-11-06T14:23:07Z" duration-ms="10141" status="PASS">
          <params>
            <param index="0">
              <value>
                <![CDATA[edge]]>
              </value>
            </param>
          </params>
          <reporter-output>
          </reporter-output>
        </test-method> <!-- setUp -->
        <test-method signature="logintest()[pri:-1, instance:com.orangehrm.app.testCases.LoginTest@1869fbd2]" started-at="2024-11-06T14:23:07Z" name="logintest" finished-at="2024-11-06T14:23:16Z" duration-ms="8599" status="FAIL">
          <exception class="junit.framework.ComparisonFailure">
            <message>
              <![CDATA[expected:<...125> but was:<...>]]>
            </message>
            <full-stacktrace>
              <![CDATA[junit.framework.ComparisonFailure: expected:<...125> but was:<...>
at junit.framework.Assert.assertEquals(Assert.java:81)
at junit.framework.Assert.assertEquals(Assert.java:87)
at com.orangehrm.app.testCases.LoginTest.logintest(LoginTest.java:40)
at java.base/jdk.internal.reflect.NativeMethodAccessorImpl.invoke0(Native Method)
at java.base/jdk.internal.reflect.NativeMethodAccessorImpl.invoke(NativeMethodAccessorImpl.java:77)
at java.base/jdk.internal.reflect.DelegatingMethodAccessorImpl.invoke(DelegatingMethodAccessorImpl.java:43)
at java.base/java.lang.reflect.Method.invoke(Method.java:568)
at org.testng.internal.MethodInvocationHelper.invokeMethod(MethodInvocationHelper.java:124)
at org.testng.internal.Invoker.invokeMethod(Invoker.java:583)
at org.testng.internal.Invoker.invokeTestMethod(Invoker.java:719)
at org.testng.internal.Invoker.invokeTestMethods(Invoker.java:989)
at org.testng.internal.TestMethodWorker.invokeTestMethods(TestMethodWorker.java:125)
at org.testng.internal.TestMethodWorker.run(TestMethodWorker.java:109)
at org.testng.TestRunner.privateRun(TestRunner.java:648)
at org.testng.TestRunner.run(TestRunner.java:505)
at org.testng.SuiteRunner.runTest(SuiteRunner.java:455)
at org.testng.SuiteRunner.runSequentially(SuiteRunner.java:450)
at org.testng.SuiteRunner.privateRun(SuiteRunner.java:415)
at org.testng.SuiteRunner.run(SuiteRunner.java:364)
at org.testng.SuiteRunnerWorker.runSuite(SuiteRunnerWorker.java:52)
at org.testng.SuiteRunnerWorker.run(SuiteRunnerWorker.java:84)
at org.testng.TestNG.runSuitesSequentially(TestNG.java:1208)
at org.testng.TestNG.runSuitesLocally(TestNG.java:1137)
at org.testng.TestNG.runSuites(TestNG.java:1049)
at org.testng.TestNG.run(TestNG.java:1017)
at org.apache.maven.surefire.testng.TestNGExecutor.run(TestNGExecutor.java:284)
at org.apache.maven.surefire.testng.TestNGXmlTestSuite.execute(TestNGXmlTestSuite.java:75)
at org.apache.maven.surefire.testng.TestNGProvider.invoke(TestNGProvider.java:119)
at org.apache.maven.surefire.booter.ForkedBooter.runSuitesInProcess(ForkedBooter.java:428)
at org.apache.maven.surefire.booter.ForkedBooter.execute(ForkedBooter.java:162)
at org.apache.maven.surefire.booter.ForkedBooter.run(ForkedBooter.java:562)
at org.apache.maven.surefire.booter.ForkedBooter.main(ForkedBooter.java:548)
]]>
            </full-stacktrace>
          </exception> <!-- junit.framework.ComparisonFailure -->
          <reporter-output>
          </reporter-output>
        </test-method> <!-- logintest -->
        <test-method is-config="true" signature="flushExtent()[pri:0, instance:com.orangehrm.app.testCases.LoginTest@1869fbd2]" started-at="2024-11-06T14:23:16Z" name="flushExtent" finished-at="2024-11-06T14:23:17Z" duration-ms="900" status="PASS">
          <reporter-output>
          </reporter-output>
        </test-method> <!-- flushExtent -->
        <test-method signature="validateDisplayofDefaultPage()[pri:0, instance:com.orangehrm.app.testCases.LoginTest@1869fbd2]" started-at="2024-11-06T14:23:17Z" name="validateDisplayofDefaultPage" finished-at="2024-11-06T14:23:27Z" duration-ms="10318" status="PASS">
          <reporter-output>
          </reporter-output>
        </test-method> <!-- validateDisplayofDefaultPage -->
        <test-method is-config="true" signature="flushExtent()[pri:0, instance:com.orangehrm.app.testCases.LoginTest@1869fbd2]" started-at="2024-11-06T14:23:27Z" name="flushExtent" finished-at="2024-11-06T14:23:27Z" duration-ms="149" status="PASS">
          <reporter-output>
          </reporter-output>
        </test-method> <!-- flushExtent -->
        <test-method is-config="true" signature="tearDown()[pri:0, instance:com.orangehrm.app.testCases.LoginTest@1869fbd2]" started-at="2024-11-06T14:23:44Z" name="tearDown" finished-at="2024-11-06T14:23:45Z" duration-ms="652" status="PASS">
          <reporter-output>
          </reporter-output>
        </test-method> <!-- tearDown -->
      </class> <!-- com.orangehrm.app.testCases.LoginTest -->
      <class name="com.orangehrm.app.testCases.AddEmployee">
        <test-method signature="validateAddEmployee(java.lang.String, java.lang.String, java.lang.String)[pri:0, instance:com.orangehrm.app.testCases.AddEmployee@6af9fcb2]" started-at="2024-11-06T14:23:29Z" name="validateAddEmployee" data-provider="EmpData" finished-at="2024-11-06T14:23:33Z" duration-ms="4074" status="PASS">
          <params>
            <param index="0">
              <value>
                <![CDATA[aaa]]>
              </value>
            </param>
            <param index="1">
              <value>
                <![CDATA[bbb]]>
              </value>
            </param>
            <param index="2">
              <value>
                <![CDATA[ccc]]>
              </value>
            </param>
          </params>
          <reporter-output>
          </reporter-output>
        </test-method> <!-- validateAddEmployee -->
        <test-method is-config="true" signature="flushExtent()[pri:0, instance:com.orangehrm.app.testCases.AddEmployee@6af9fcb2]" started-at="2024-11-06T14:23:33Z" name="flushExtent" finished-at="2024-11-06T14:23:34Z" duration-ms="149" status="PASS">
          <reporter-output>
          </reporter-output>
        </test-method> <!-- flushExtent -->
        <test-method signature="validateAddEmployee(java.lang.String, java.lang.String, java.lang.String)[pri:0, instance:com.orangehrm.app.testCases.AddEmployee@6af9fcb2]" started-at="2024-11-06T14:23:34Z" name="validateAddEmployee" data-provider="EmpData" finished-at="2024-11-06T14:23:37Z" duration-ms="3585" status="PASS">
          <params>
            <param index="0">
              <value>
                <![CDATA[ddd]]>
              </value>
            </param>
            <param index="1">
              <value>
                <![CDATA[eee]]>
              </value>
            </param>
            <param index="2">
              <value>
                <![CDATA[fff]]>
              </value>
            </param>
          </params>
          <reporter-output>
          </reporter-output>
        </test-method> <!-- validateAddEmployee -->
        <test-method is-config="true" signature="flushExtent()[pri:0, instance:com.orangehrm.app.testCases.AddEmployee@6af9fcb2]" started-at="2024-11-06T14:23:37Z" name="flushExtent" finished-at="2024-11-06T14:23:37Z" duration-ms="138" status="PASS">
          <reporter-output>
          </reporter-output>
        </test-method> <!-- flushExtent -->
        <test-method signature="validateAddEmployee(java.lang.String, java.lang.String, java.lang.String)[pri:0, instance:com.orangehrm.app.testCases.AddEmployee@6af9fcb2]" started-at="2024-11-06T14:23:37Z" name="validateAddEmployee" data-provider="EmpData" finished-at="2024-11-06T14:23:41Z" duration-ms="3259" status="PASS">
          <params>
            <param index="0">
              <value>
                <![CDATA[ggg]]>
              </value>
            </param>
            <param index="1">
              <value>
                <![CDATA[hhhh]]>
              </value>
            </param>
            <param index="2">
              <value>
                <![CDATA[kkk]]>
              </value>
            </param>
          </params>
          <reporter-output>
          </reporter-output>
        </test-method> <!-- validateAddEmployee -->
        <test-method is-config="true" signature="flushExtent()[pri:0, instance:com.orangehrm.app.testCases.AddEmployee@6af9fcb2]" started-at="2024-11-06T14:23:41Z" name="flushExtent" finished-at="2024-11-06T14:23:41Z" duration-ms="101" status="PASS">
          <reporter-output>
          </reporter-output>
        </test-method> <!-- flushExtent -->
        <test-method signature="validateAddEmployee(java.lang.String, java.lang.String, java.lang.String)[pri:0, instance:com.orangehrm.app.testCases.AddEmployee@6af9fcb2]" started-at="2024-11-06T14:23:41Z" name="validateAddEmployee" data-provider="EmpData" finished-at="2024-11-06T14:23:44Z" duration-ms="3197" status="PASS">
          <params>
            <param index="0">
              <value>
                <![CDATA[llll]]>
              </value>
            </param>
            <param index="1">
              <value>
                <![CDATA[mmm]]>
              </value>
            </param>
            <param index="2">
              <value>
                <![CDATA[nnn]]>
              </value>
            </param>
          </params>
          <reporter-output>
          </reporter-output>
        </test-method> <!-- validateAddEmployee -->
        <test-method is-config="true" signature="flushExtent()[pri:0, instance:com.orangehrm.app.testCases.AddEmployee@6af9fcb2]" started-at="2024-11-06T14:23:44Z" name="flushExtent" finished-at="2024-11-06T14:23:44Z" duration-ms="131" status="PASS">
          <reporter-output>
          </reporter-output>
        </test-method> <!-- flushExtent -->
      </class> <!-- com.orangehrm.app.testCases.AddEmployee -->
    </test> <!-- Test -->
  </suite> <!-- Suite -->
</testng-results>
