<?xml version="1.0" encoding="UTF-8"?>
<testsuite xmlns:xsi="http://www.w3.org/2001/XMLSchema-instance" xsi:noNamespaceSchemaLocation="https://maven.apache.org/surefire/maven-surefire-plugin/xsd/surefire-test-report-3.0.xsd" version="3.0" name="TestSuite" time="49.707" tests="6" errors="0" skipped="0" failures="1">
  <properties>
[...]
</properties>
  <testcase name="logintest" classname="com.orangehrm.app.testCases.LoginTest" time="8.604">
    <failure message="expected:&lt;...125&gt; but was:&lt;...&gt;" type="junit.framework.ComparisonFailure"><![CDATA[junit.framework.ComparisonFailure: expected:<...125> but was:<...>
	at com.orangehrm.app.testCases.LoginTest.logintest(LoginTest.java:40)
]]></failure>
    <system-out><![CDATA[[TestNGContentHandler] [WARN] It is strongly recommended to add "<!DOCTYPE suite SYSTEM "http://testng.org/testng-1.0.dtd" >" at the top of your file, otherwise TestNG may fail or not work as expected.
 INFO [main] (Baseclass.java:81)- Opened Application URL
 INFO [main] (LoginTest.java:20)- Provided UserName,Password and loggedinto the application
ERROR [main] (LoginTest.java:33)- Application Title not Matched
Screenshot taken
]]></system-out>
    <system-err><![CDATA[log4j:ERROR Could not find value for key log4j.appender.HTML
log4j:ERROR Could not instantiate appender named "HTML".
log4j:ERROR Could not find value for key log4j.appender.TTCC
log4j:ERROR Could not instantiate appender named "TTCC".
SLF4J: Failed to load class "org.slf4j.impl.StaticLoggerBinder".
SLF4J: Defaulting to no-operation (NOP) logger implementation
SLF4J: See http://www.slf4j.org/codes.html#StaticLoggerBinder for further details.
Nov 06, 2024 7:53:04 PM org.openqa.selenium.devtools.CdpVersionFinder findNearestMatch
WARNING: Unable to find CDP implementation matching 130
Nov 06, 2024 7:53:04 PM org.openqa.selenium.chromium.ChromiumDriver lambda$new$5
WARNING: Unable to find version of CDP to use for 130.0.2849.68. You may need to include a dependency on a specific version of the CDP using something similar to `org.seleniumhq.selenium:selenium-devtools-v86:4.13.0` where the version ("v86") matches the version of the chromium-based browser you're using and the version number of the artifact is the same as Selenium's.
]]></system-err>
  </testcase>
  <testcase name="validateDisplayofDefaultPage" classname="com.orangehrm.app.testCases.LoginTest" time="10.32">
    <system-out><![CDATA[Myinfo page is not displayed
 INFO [main] (LoginTest.java:50)- Provided UserName,Password and loggedinto the application
ERROR [main] (LoginTest.java:60)- Application not displayed default page
Screenshot taken
]]></system-out>
  </testcase>
  <testcase name="validateAddEmployee[aaa, bbb, ccc](1)" classname="com.orangehrm.app.testCases.AddEmployee" time="4.074">
    <system-out><![CDATA[ INFO [main] (AddEmployee.java:15)- Added firstName,Middle Name and Last Name
]]></system-out>
  </testcase>
  <testcase name="validateAddEmployee[ddd, eee, fff](2)" classname="com.orangehrm.app.testCases.AddEmployee" time="3.586">
    <system-out><![CDATA[ INFO [main] (AddEmployee.java:15)- Added firstName,Middle Name and Last Name
]]></system-out>
  </testcase>
  <testcase name="validateAddEmployee[ggg, hhhh, kkk](3)" classname="com.orangehrm.app.testCases.AddEmployee" time="3.256">
    <system-out><![CDATA[ INFO [main] (AddEmployee.java:15)- Added firstName,Middle Name and Last Name
]]></system-out>
  </testcase>
  <testcase name="validateAddEmployee[llll, mmm, nnn](4)" classname="com.orangehrm.app.testCases.AddEmployee" time="3.195">
    <system-out><![CDATA[ INFO [main] (AddEmployee.java:15)- Added firstName,Middle Name and Last Name
]]></system-out>
  </testcase>
</testsuite>