-------------------------------------------------------------------------------
Test set: TestSuite
-------------------------------------------------------------------------------
Tests run: 6, Failures: 1, Errors: 0, Skipped: 0, Time elapsed: 49.707 s <<< FAILURE! - in TestSuite
com.orangehrm.app.testCases.LoginTest.logintest  Time elapsed: 8.604 s  <<< FAILURE!
junit.framework.ComparisonFailure: expected:<...125> but was:<...>
	at com.orangehrm.app.testCases.LoginTest.logintest(LoginTest.java:40)

