<?xml version="1.0" encoding="UTF-8"?>
<testng-results ignored="2" total="8" passed="5" failed="1" skipped="0">
  <reporter-output>
  </reporter-output>
  <suite started-at="2024-11-06T14:17:56Z" name="Suite" finished-at="2024-11-06T14:18:36Z" duration-ms="39487">
    <groups>
    </groups>
    <test started-at="2024-11-06T14:17:56Z" name="Test" finished-at="2024-11-06T14:18:36Z" duration-ms="39487">
      <class name="com.orangehrm.app.testCases.LoginTest">
        <test-method is-config="true" signature="setUp(java.lang.String)[pri:0, instance:com.orangehrm.app.testCases.LoginTest@3b96c42e]" started-at="2024-11-06T14:17:47Z" name="setUp" finished-at="2024-11-06T14:17:56Z" duration-ms="9777" status="PASS">
          <params>
            <param index="0">
              <value>
                <![CDATA[edge]]>
              </value>
            </param>
          </params>
          <reporter-output>
          </reporter-output>
        </test-method> <!-- setUp -->
        <test-method signature="logintest()[pri:-1, instance:com.orangehrm.app.testCases.LoginTest@3b96c42e]" started-at="2024-11-06T14:17:56Z" name="logintest" finished-at="2024-11-06T14:18:06Z" duration-ms="9165" status="FAIL">
          <exception class="junit.framework.ComparisonFailure">
            <message>
              <![CDATA[expected:<...125> but was:<...>]]>
            </message>
            <full-stacktrace>
              <![CDATA[junit.framework.ComparisonFailure: expected:<...125> but was:<...>
at junit.framework.Assert.assertEquals(Assert.java:81)
at junit.framework.Assert.assertEquals(Assert.java:87)
at com.orangehrm.app.testCases.LoginTest.logintest(LoginTest.java:40)
at java.base/jdk.internal.reflect.NativeMethodAccessorImpl.invoke0(Native Method)
at java.base/jdk.internal.reflect.NativeMethodAccessorImpl.invoke(NativeMethodAccessorImpl.java:77)
at java.base/jdk.internal.reflect.DelegatingMethodAccessorImpl.invoke(DelegatingMethodAccessorImpl.java:43)
at java.base/java.lang.reflect.Method.invoke(Method.java:568)
at org.testng.internal.MethodInvocationHelper.invokeMethod(MethodInvocationHelper.java:124)
at org.testng.internal.Invoker.invokeMethod(Invoker.java:583)
at org.testng.internal.Invoker.invokeTestMethod(Invoker.java:719)
at org.testng.internal.Invoker.invokeTestMethods(Invoker.java:989)
at org.testng.internal.TestMethodWorker.invokeTestMethods(TestMethodWorker.java:125)
at org.testng.internal.TestMethodWorker.run(TestMethodWorker.java:109)
at org.testng.TestRunner.privateRun(TestRunner.java:648)
at org.testng.TestRunner.run(TestRunner.java:505)
at org.testng.SuiteRunner.runTest(SuiteRunner.java:455)
at org.testng.SuiteRunner.runSequentially(SuiteRunner.java:450)
at org.testng.SuiteRunner.privateRun(SuiteRunner.java:415)
at org.testng.SuiteRunner.run(SuiteRunner.java:364)
at org.testng.SuiteRunnerWorker.runSuite(SuiteRunnerWorker.java:52)
at org.testng.SuiteRunnerWorker.run(SuiteRunnerWorker.java:84)
at org.testng.TestNG.runSuitesSequentially(TestNG.java:1208)
at org.testng.TestNG.runSuitesLocally(TestNG.java:1137)
at org.testng.TestNG.runSuites(TestNG.java:1049)
at org.testng.TestNG.run(TestNG.java:1017)
at org.testng.remote.AbstractRemoteTestNG.run(AbstractRemoteTestNG.java:115)
at org.testng.remote.RemoteTestNG.initAndRun(RemoteTestNG.java:251)
at org.testng.remote.RemoteTestNG.main(RemoteTestNG.java:77)
]]>
            </full-stacktrace>
          </exception> <!-- junit.framework.ComparisonFailure -->
          <reporter-output>
          </reporter-output>
        </test-method> <!-- logintest -->
        <test-method is-config="true" signature="flushExtent()[pri:0, instance:com.orangehrm.app.testCases.LoginTest@3b96c42e]" started-at="2024-11-06T14:18:06Z" name="flushExtent" finished-at="2024-11-06T14:18:06Z" duration-ms="860" status="PASS">
          <reporter-output>
          </reporter-output>
        </test-method> <!-- flushExtent -->
        <test-method signature="validateDisplayofDefaultPage()[pri:0, instance:com.orangehrm.app.testCases.LoginTest@3b96c42e]" started-at="2024-11-06T14:18:06Z" name="validateDisplayofDefaultPage" finished-at="2024-11-06T14:18:17Z" duration-ms="10277" status="PASS">
          <reporter-output>
          </reporter-output>
        </test-method> <!-- validateDisplayofDefaultPage -->
        <test-method is-config="true" signature="flushExtent()[pri:0, instance:com.orangehrm.app.testCases.LoginTest@3b96c42e]" started-at="2024-11-06T14:18:17Z" name="flushExtent" finished-at="2024-11-06T14:18:17Z" duration-ms="153" status="PASS">
          <reporter-output>
          </reporter-output>
        </test-method> <!-- flushExtent -->
        <test-method is-config="true" signature="tearDown()[pri:0, instance:com.orangehrm.app.testCases.LoginTest@3b96c42e]" started-at="2024-11-06T14:18:36Z" name="tearDown" finished-at="2024-11-06T14:18:37Z" duration-ms="716" status="PASS">
          <reporter-output>
          </reporter-output>
        </test-method> <!-- tearDown -->
      </class> <!-- com.orangehrm.app.testCases.LoginTest -->
      <class name="com.orangehrm.app.testCases.AddEmployee">
        <test-method signature="validateAddEmployee(java.lang.String, java.lang.String, java.lang.String)[pri:0, instance:com.orangehrm.app.testCases.AddEmployee@5d066c7d]" started-at="2024-11-06T14:18:19Z" name="validateAddEmployee" data-provider="EmpData" finished-at="2024-11-06T14:18:24Z" duration-ms="5124" status="PASS">
          <params>
            <param index="0">
              <value>
                <![CDATA[aaa]]>
              </value>
            </param>
            <param index="1">
              <value>
                <![CDATA[bbb]]>
              </value>
            </param>
            <param index="2">
              <value>
                <![CDATA[ccc]]>
              </value>
            </param>
          </params>
          <reporter-output>
          </reporter-output>
        </test-method> <!-- validateAddEmployee -->
        <test-method is-config="true" signature="flushExtent()[pri:0, instance:com.orangehrm.app.testCases.AddEmployee@5d066c7d]" started-at="2024-11-06T14:18:24Z" name="flushExtent" finished-at="2024-11-06T14:18:24Z" duration-ms="169" status="PASS">
          <reporter-output>
          </reporter-output>
        </test-method> <!-- flushExtent -->
        <test-method signature="validateAddEmployee(java.lang.String, java.lang.String, java.lang.String)[pri:0, instance:com.orangehrm.app.testCases.AddEmployee@5d066c7d]" started-at="2024-11-06T14:18:24Z" name="validateAddEmployee" data-provider="EmpData" finished-at="2024-11-06T14:18:29Z" duration-ms="4791" status="PASS">
          <params>
            <param index="0">
              <value>
                <![CDATA[ddd]]>
              </value>
            </param>
            <param index="1">
              <value>
                <![CDATA[eee]]>
              </value>
            </param>
            <param index="2">
              <value>
                <![CDATA[fff]]>
              </value>
            </param>
          </params>
          <reporter-output>
          </reporter-output>
        </test-method> <!-- validateAddEmployee -->
        <test-method is-config="true" signature="flushExtent()[pri:0, instance:com.orangehrm.app.testCases.AddEmployee@5d066c7d]" started-at="2024-11-06T14:18:29Z" name="flushExtent" finished-at="2024-11-06T14:18:29Z" duration-ms="127" status="PASS">
          <reporter-output>
          </reporter-output>
        </test-method> <!-- flushExtent -->
        <test-method signature="validateAddEmployee(java.lang.String, java.lang.String, java.lang.String)[pri:0, instance:com.orangehrm.app.testCases.AddEmployee@5d066c7d]" started-at="2024-11-06T14:18:29Z" name="validateAddEmployee" data-provider="EmpData" finished-at="2024-11-06T14:18:32Z" duration-ms="3307" status="PASS">
          <params>
            <param index="0">
              <value>
                <![CDATA[ggg]]>
              </value>
            </param>
            <param index="1">
              <value>
                <![CDATA[hhhh]]>
              </value>
            </param>
            <param index="2">
              <value>
                <![CDATA[kkk]]>
              </value>
            </param>
          </params>
          <reporter-output>
          </reporter-output>
        </test-method> <!-- validateAddEmployee -->
        <test-method is-config="true" signature="flushExtent()[pri:0, instance:com.orangehrm.app.testCases.AddEmployee@5d066c7d]" started-at="2024-11-06T14:18:32Z" name="flushExtent" finished-at="2024-11-06T14:18:32Z" duration-ms="119" status="PASS">
          <reporter-output>
          </reporter-output>
        </test-method> <!-- flushExtent -->
        <test-method signature="validateAddEmployee(java.lang.String, java.lang.String, java.lang.String)[pri:0, instance:com.orangehrm.app.testCases.AddEmployee@5d066c7d]" started-at="2024-11-06T14:18:32Z" name="validateAddEmployee" data-provider="EmpData" finished-at="2024-11-06T14:18:36Z" duration-ms="3301" status="PASS">
          <params>
            <param index="0">
              <value>
                <![CDATA[llll]]>
              </value>
            </param>
            <param index="1">
              <value>
                <![CDATA[mmm]]>
              </value>
            </param>
            <param index="2">
              <value>
                <![CDATA[nnn]]>
              </value>
            </param>
          </params>
          <reporter-output>
          </reporter-output>
        </test-method> <!-- validateAddEmployee -->
        <test-method is-config="true" signature="flushExtent()[pri:0, instance:com.orangehrm.app.testCases.AddEmployee@5d066c7d]" started-at="2024-11-06T14:18:36Z" name="flushExtent" finished-at="2024-11-06T14:18:36Z" duration-ms="143" status="PASS">
          <reporter-output>
          </reporter-output>
        </test-method> <!-- flushExtent -->
      </class> <!-- com.orangehrm.app.testCases.AddEmployee -->
    </test> <!-- Test -->
  </suite> <!-- Suite -->
</testng-results>
